<?xml version="1.0" encoding="UTF-8"?>
<!-- Generated by org.testng.reporters.JUnitReportReporter -->
<testsuite ignored="0" hostname="DESKTOP-AB8DGVS" failures="0" tests="1" name="test.TestSel" time="2.817" errors="0" timestamp="01 abr. 2022 01:20:37 GMT" skipped="0">
  <testcase classname="test.TestSel" name="selenium_test01" time="2.817"/>
</testsuite> <!-- test.TestSel -->
