<?xml version="1.0" encoding="UTF-8"?>
<!-- Generated by org.testng.reporters.JUnitReportReporter -->
<testsuite hostname="MacBook-Air-de-DELLPHOTO.local" failures="0" tests="1" name="loginSuite.TC04_LoginJsonData" time="2.416" errors="0" timestamp="2022-05-06T12:27:28 COT" skipped="0">
  <testcase classname="loginSuite.TC04_LoginJsonData" name="TC_01" time="2.416"/>
  <system-out/>
</testsuite> <!-- loginSuite.TC04_LoginJsonData -->
