<?xml version="1.0" encoding="UTF-8"?>
<!-- Generated by org.testng.reporters.JUnitReportReporter -->
<testsuite ignored="0" hostname="DESKTOP-AB8DGVS" failures="0" tests="1" name="loginSuite.TC01_Login" time="1.946" errors="0" timestamp="30 abr. 2022 16:55:28 GMT" skipped="0">
  <testcase classname="loginSuite.TC01_Login" name="TC_01" time="1.946"/>
</testsuite> <!-- loginSuite.TC01_Login -->
