<?xml version="1.0" encoding="UTF-8"?>
<!-- Generated by org.testng.reporters.JUnitReportReporter -->
<testsuite ignored="0" hostname="MacBook-Air-de-DELLPHOTO.local" failures="0" tests="1" name="loginSuite.TC03_Search" time="4.858" errors="0" timestamp="06 may. 2022 01:33:02 GMT" skipped="0">
  <testcase classname="loginSuite.TC03_Search" name="TC_03" time="4.858"/>
</testsuite> <!-- loginSuite.TC03_Search -->
