<?xml version="1.0" encoding="UTF-8"?>
<!-- Generated by org.testng.reporters.JUnitReportReporter -->
<testsuite ignored="0" hostname="MacBook-Air-de-DELLPHOTO.local" failures="0" tests="1" name="directorySuite.TC02_SearchDirectory" time="18.663" errors="0" timestamp="05 may. 2022 16:24:11 GMT" skipped="0">
  <testcase classname="directorySuite.TC02_SearchDirectory" name="TC_01" time="18.663"/>
</testsuite> <!-- directorySuite.TC02_SearchDirectory -->
