<?xml version="1.0" encoding="UTF-8"?>
<!-- Generated by org.testng.reporters.JUnitReportReporter -->
<testsuite ignored="0" hostname="MacBook-Air-de-DELLPHOTO.local" failures="0" tests="1" name="loginSuite.TC02_Logout" time="4.875" errors="0" timestamp="06 may. 2022 16:59:20 GMT" skipped="0">
  <testcase classname="loginSuite.TC02_Logout" name="TC_02" time="4.875"/>
</testsuite> <!-- loginSuite.TC02_Logout -->
