<?xml version="1.0" encoding="UTF-8"?>
<!-- Generated by org.testng.reporters.JUnitReportReporter -->
<testsuite ignored="0" hostname="DESKTOP-AB8DGVS" failures="0" tests="1" name="test.TestSel" time="5.064" errors="0" timestamp="26 mar. 2022 16:51:11 GMT" skipped="0">
  <testcase classname="test.TestSel" name="selenium_test01" time="5.064"/>
</testsuite> <!-- test.TestSel -->
