<?xml version="1.0" encoding="UTF-8"?>
<!-- Generated by org.testng.reporters.JUnitReportReporter -->
<testsuite hostname="MacBook-Air-de-DELLPHOTO.local" failures="0" tests="1" name="loginSuite.TC05_LoginExcelData" time="2.906" errors="0" timestamp="2022-05-06T12:33:53 COT" skipped="0">
  <testcase classname="loginSuite.TC05_LoginExcelData" name="TC_01" time="2.906"/>
  <system-out/>
</testsuite> <!-- loginSuite.TC05_LoginExcelData -->
