<?xml version="1.0" encoding="UTF-8"?>
<!-- Generated by org.testng.reporters.JUnitReportReporter -->
<testsuite ignored="0" hostname="MacBook-Air-de-DELLPHOTO.local" failures="0" tests="1" name="loginSuite.TC01_Login" time="2.441" errors="0" timestamp="06 may. 2022 01:09:25 GMT" skipped="0">
  <testcase classname="loginSuite.TC01_Login" name="TC_01" time="2.441"/>
</testsuite> <!-- loginSuite.TC01_Login -->
